*******************************************************************************
*                                                                             *
*                   ARM C CROSS COMPILER Version 1.01.100217                  *
*                      Copyright (C) 2009 Phyton, Inc.                        *
*                                                                             *
*******************************************************************************

                   GetKey??T:
;FILE: joystick.c
;000037        data = PORTC->RXTX;
00000000    480E                       	LDR       data?GetKey,?lr0000	; 400B8000h
00000002    6800                       	LDR       data?GetKey,[data?GetKey,#0]
;000039        if ((data & No_Key_Pressed) == No_Key_Pressed)
00000004    42F8F400                   	AND       R2,data?GetKey,#7C00h
00000008    4FF8F5B2                   	CMP       R2,#7C00h
;000040          return NOKEY;
0000000C    D00F                       	BEQ.N     ??_7_COMMON
;000042        for (i = 1; i < NUM_KEY_CODES; i++) {
0000000E    2101                       	MOVS      i?GetKey,#1
                   ??_2_LOOP:
;000043            for (j = 0; ((data & No_Key_Pressed) == KeyMasks[i]) && (j < 16); j++);
00000010    2000                       	MOVS      j?GetKey,#0
00000012    E000                       	B.N       ??_3_CHECK
                   ??_3_LOOP:
00000014    1C40                       	ADDS      j?GetKey,j?GetKey,#1
                  ??_3_CHECK:
00000016    4B0A                       	LDR       R3,?lr0001	; KeyMasks
00000018    3021F853                   	LDR       R3,[R3,i?GetKey,LSL #2]
0000001C    429A                       	CMP       R2,R3
0000001E    D101                       	BNE.N     ??_3_BREAK
00000020    2810                       	CMP       j?GetKey,#16
00000022    D3F7                       	BCC.N     ??_3_LOOP
                  ??_3_BREAK:
;000044            if (j > 0)
00000024    B128                       	CBZ       j?GetKey,??_5_ELSE
;000045                return j > 15 ? ((KeyCode)i) : NOKEY;
00000026    2810                       	CMP       j?GetKey,#16
00000028    D301                       	BCC.N     ??_6_ELSE
0000002A    4608                       	MOV       j?GetKey,i?GetKey
0000002C    4770                       	BX        R14
                   ??_6_ELSE:
                 ??_7_COMMON:
0000002E    2000                       	MOVS      j?GetKey,#0
00000030    4770                       	BX        R14
                   ??_5_ELSE:
;000046        }
00000032    1C49                       	ADDS      i?GetKey,i?GetKey,#1
00000034    2907                       	CMP       i?GetKey,#7
00000036    D3EB                       	BCC.N     ??_2_LOOP
;000048        return MULTIPLE;
00000038    2006                       	MOVS      R0,#6

0000003A    4770                       	BX        R14

0000003C    400B8000	?lr0000	.DCD	400B8000h	; used 1 time(s)
00000040    00000000	?lr0001	.DCD	KeyMasks	; used 1 time(s)

.ENDF

joystick.c: 68 byte(s), 5053 line(s), 0 error(s), 0 warning(s)

